<?xml version="1.0" encoding="UTF-8"?>
<testsuite xmlns:xsi="http://www.w3.org/2001/XMLSchema-instance" xsi:schemaLocation="https://maven.apache.org/surefire/maven-surefire-plugin/xsd/surefire-test-report.xsd" name="com.virtusa.vhub.hub.test.CamelTest" time="1.377" tests="12" errors="0" skipped="0" failures="0">
  <properties>
[...]
</properties>
  <testcase name="testIfCommand2TypeIsTrue" classname="com.virtusa.vhub.hub.test.CamelTest" time="1.165"/>
  <testcase name="testAcktypeResponse1" classname="com.virtusa.vhub.hub.test.CamelTest" time="0.121"/>
  <testcase name="testAcktypeResponse2" classname="com.virtusa.vhub.hub.test.CamelTest" time="0.005"/>
  <testcase name="testIfCommand1TypeIsFalse" classname="com.virtusa.vhub.hub.test.CamelTest" time="0.002"/>
  <testcase name="testIfCommand2TypeIsFalse" classname="com.virtusa.vhub.hub.test.CamelTest" time="0.004"/>
  <testcase name="testIfCommand3TypeIsFalse" classname="com.virtusa.vhub.hub.test.CamelTest" time="0.002"/>
  <testcase name="testToSendForResponse1" classname="com.virtusa.vhub.hub.test.CamelTest" time="0.002"/>
  <testcase name="testToSendForResponse2" classname="com.virtusa.vhub.hub.test.CamelTest" time="0.004"/>
  <testcase name="testIfCommand1TypeIsTrue" classname="com.virtusa.vhub.hub.test.CamelTest" time="0.002"/>
  <testcase name="testIfCommand3TypeIsTrue" classname="com.virtusa.vhub.hub.test.CamelTest" time="0.004"/>
  <testcase name="testToSendForRequest1" classname="com.virtusa.vhub.hub.test.CamelTest" time="0.003"/>
  <testcase name="testToSendForRequest2" classname="com.virtusa.vhub.hub.test.CamelTest" time="0.001"/>
</testsuite>